 Enter the input filename (assumed to be in infiles directory)
 filename=infiles/current.data                                                 
 filename=infiles/extra_hydrogen_norad.data                                    
 E_bind =   2.2249399999998332      MeV in limits_init (QF only)
  ****--------  D(e,e'p)  --------****
    HRSL is detecting electrons
    HRSR is detecting hadrons
 Kees welcomes you to Hall A at Jefferson Lab - Enjoy your stay!
 NOTE: Will NOT be applying radiative corrections
 NOTE: Will NOT be calculating energy loss in the target
 NOTE: Will NOT be calculating Coulomb correction (default for Hydrogen target)
 NOTE: Will NOT correct reconstructed data for energy loss
  
 Generating Event        1 ...        0  successes so far - Monitor: 0.0000E+00
 Generating Event     1001 ...       31  successes so far - Monitor: 0.8326E+01
 Generating Event     2001 ...       69  successes so far - Monitor: 0.1132E+02
 Generating Event     3001 ...      100  successes so far - Monitor: 0.9844E+01
 Generating Event     4001 ...      140  successes so far - Monitor: 0.1267E+02
 Generating Event     5001 ...      169  successes so far - Monitor: 0.1154E+02
 Generating Event    20001 ...      670  successes so far - Monitor: 0.9929E+01
 Generating Event    40001 ...     1330  successes so far - Monitor: 0.9124E+01
 Generating Event    60001 ...     1998  successes so far - Monitor: 0.9182E+01
 Generating Event    80001 ...     2652  successes so far - Monitor: 0.9118E+01
 Generating Event   100001 ...     3328  successes so far - Monitor: 0.9321E+01
 Generating Event   120001 ...     3994  successes so far - Monitor: 0.9506E+01
 Generating Event   140001 ...     4617  successes so far - Monitor: 0.9423E+01
 Generating Event   160001 ...     5239  successes so far - Monitor: 0.9358E+01
 Generating Event   180001 ...     5858  successes so far - Monitor: 0.9295E+01
 Generating Event   200001 ...     6574  successes so far - Monitor: 0.9304E+01
 Generating Event   220001 ...     7207  successes so far - Monitor: 0.9232E+01
 Generating Event   240001 ...     7863  successes so far - Monitor: 0.9253E+01
 Generating Event   260001 ...     8506  successes so far - Monitor: 0.9258E+01
 Generating Event   280001 ...     9186  successes so far - Monitor: 0.9253E+01
 Generating Event   300001 ...     9833  successes so far - Monitor: 0.9256E+01
 Generating Event   320001 ...    10499  successes so far - Monitor: 0.9263E+01
 Generating Event   340001 ...    11186  successes so far - Monitor: 0.9335E+01
 Generating Event   360001 ...    11843  successes so far - Monitor: 0.9343E+01
 Generating Event   380001 ...    12485  successes so far - Monitor: 0.9339E+01
 Generating Event   400001 ...    13145  successes so far - Monitor: 0.9334E+01
 Generating Event   420001 ...    13827  successes so far - Monitor: 0.9347E+01
 Generating Event   440001 ...    14498  successes so far - Monitor: 0.9391E+01
 Generating Event   460001 ...    15122  successes so far - Monitor: 0.9362E+01
 Generating Event   480001 ...    15775  successes so far - Monitor: 0.9362E+01
 Generating Event   500001 ...    16401  successes so far - Monitor: 0.9319E+01
 Generating Event   520001 ...    17030  successes so far - Monitor: 0.9262E+01
 Generating Event   540001 ...    17667  successes so far - Monitor: 0.9265E+01
 Generating Event   560001 ...    18298  successes so far - Monitor: 0.9255E+01
 Generating Event   580001 ...    18952  successes so far - Monitor: 0.9255E+01
 Generating Event   600001 ...    19592  successes so far - Monitor: 0.9283E+01
 ---> Last Event    612621 ...    20000  successes
 Closing file:worksim/current.data                                        
 ... writing outfiles/current.gen                                                            
 Come back soon!
