 Enter the input filename (assumed to be in infiles directory)
 filename=infiles/current.data                                                 
 filename=infiles/extra_hydrogen_norad.data                                    
 E_bind =   2.2249399999998332      MeV in limits_init (QF only)
  ****--------  D(e,e'p)  --------****
    HRSL is detecting electrons
    HRSR is detecting hadrons
 Kees welcomes you to Hall A at Jefferson Lab - Enjoy your stay!
 NOTE: Will NOT be applying radiative corrections
 NOTE: Will NOT be calculating energy loss in the target
 NOTE: Will NOT be calculating Coulomb correction (default for Hydrogen target)
 NOTE: Will NOT correct reconstructed data for energy loss
  
 Generating Event        1 ...        0  successes so far - Monitor: 0.0000E+00
 Generating Event     1001 ...       31  successes so far - Monitor: 0.4974E+03
 Generating Event     2001 ...       72  successes so far - Monitor: 0.7399E+03
 Generating Event     3001 ...      106  successes so far - Monitor: 0.6270E+03
 Generating Event     4001 ...      146  successes so far - Monitor: 0.8100E+03
 Generating Event     5001 ...      176  successes so far - Monitor: 0.7194E+03
 Generating Event    20001 ...      692  successes so far - Monitor: 0.8851E+03
 Generating Event    40001 ...     1374  successes so far - Monitor: 0.6863E+03
 Generating Event    60001 ...     2069  successes so far - Monitor: 0.6999E+03
 Generating Event    80001 ...     2745  successes so far - Monitor: 0.6578E+03
 Generating Event   100001 ...     3434  successes so far - Monitor: 0.6797E+03
 Generating Event   120001 ...     4121  successes so far - Monitor: 0.7113E+03
 Generating Event   140001 ...     4772  successes so far - Monitor: 0.7105E+03
 Generating Event   160001 ...     5417  successes so far - Monitor: 0.7190E+03
 Generating Event   180001 ...     6061  successes so far - Monitor: 0.7110E+03
 Generating Event   200001 ...     6797  successes so far - Monitor: 0.7090E+03
 Generating Event   220001 ...     7445  successes so far - Monitor: 0.7011E+03
 Generating Event   240001 ...     8121  successes so far - Monitor: 0.6891E+03
 Generating Event   260001 ...     8797  successes so far - Monitor: 0.6978E+03
 Generating Event   280001 ...     9512  successes so far - Monitor: 0.7028E+03
 Generating Event   300001 ...    10176  successes so far - Monitor: 0.7045E+03
 Generating Event   320001 ...    10872  successes so far - Monitor: 0.7020E+03
 Generating Event   340001 ...    11591  successes so far - Monitor: 0.7159E+03
 Generating Event   360001 ...    12279  successes so far - Monitor: 0.7256E+03
 Generating Event   380001 ...    12946  successes so far - Monitor: 0.7324E+03
 Generating Event   400001 ...    13639  successes so far - Monitor: 0.7269E+03
 Generating Event   420001 ...    14343  successes so far - Monitor: 0.7286E+03
 Generating Event   440001 ...    15034  successes so far - Monitor: 0.7346E+03
 Generating Event   460001 ...    15698  successes so far - Monitor: 0.7426E+03
 Generating Event   480001 ...    16369  successes so far - Monitor: 0.7396E+03
 Generating Event   500001 ...    17021  successes so far - Monitor: 0.7357E+03
 Generating Event   520001 ...    17664  successes so far - Monitor: 0.7289E+03
 Generating Event   540001 ...    18335  successes so far - Monitor: 0.7306E+03
 Generating Event   560001 ...    18994  successes so far - Monitor: 0.7430E+03
 Generating Event   580001 ...    19674  successes so far - Monitor: 0.7444E+03
 ---> Last Event    589342 ...    20000  successes
 Closing file:worksim/current.data                                        
 ... writing outfiles/current.gen                                                            
 Come back soon!
