 Enter the input filename (assumed to be in infiles directory)
 filename=infiles/current.data                                                 
 filename=infiles/extra_hydrogen_norad.data                                    
 E_bind =   2.2249399999998332      MeV in limits_init (QF only)
  ****--------  D(e,e'p)  --------****
    HRSL is detecting electrons
    HRSR is detecting hadrons
 Kees welcomes you to Hall A at Jefferson Lab - Enjoy your stay!
 NOTE: Will NOT be applying radiative corrections
 NOTE: Will NOT be calculating energy loss in the target
 NOTE: Will NOT be calculating Coulomb correction (default for Hydrogen target)
 NOTE: Will NOT correct reconstructed data for energy loss
  
 Generating Event        1 ...        0  successes so far - Monitor: 0.0000E+00
 Generating Event     1001 ...       28  successes so far - Monitor: 0.1696E+03
 Generating Event     2001 ...       60  successes so far - Monitor: 0.2266E+03
 Generating Event     3001 ...       86  successes so far - Monitor: 0.2354E+03
 Generating Event     4001 ...      120  successes so far - Monitor: 0.2994E+03
 Generating Event     5001 ...      138  successes so far - Monitor: 0.2496E+03
 Generating Event    20001 ...      512  successes so far - Monitor: 0.2791E+03
 Generating Event    40001 ...     1039  successes so far - Monitor: 0.2717E+03
 Generating Event    60001 ...     1580  successes so far - Monitor: 0.2689E+03
 Generating Event    80001 ...     2120  successes so far - Monitor: 0.2583E+03
 Generating Event   100001 ...     2637  successes so far - Monitor: 0.2496E+03
 Generating Event   120001 ...     3175  successes so far - Monitor: 0.2471E+03
 Generating Event   140001 ...     3690  successes so far - Monitor: 0.2467E+03
 Generating Event   160001 ...     4176  successes so far - Monitor: 0.2430E+03
 Generating Event   180001 ...     4677  successes so far - Monitor: 0.2394E+03
 Generating Event   200001 ...     5236  successes so far - Monitor: 0.2420E+03
 Generating Event   220001 ...     5739  successes so far - Monitor: 0.2392E+03
 Generating Event   240001 ...     6265  successes so far - Monitor: 0.2409E+03
 Generating Event   260001 ...     6780  successes so far - Monitor: 0.2394E+03
 Generating Event   280001 ...     7332  successes so far - Monitor: 0.2397E+03
 Generating Event   300001 ...     7801  successes so far - Monitor: 0.2393E+03
 Generating Event   320001 ...     8349  successes so far - Monitor: 0.2385E+03
 Generating Event   340001 ...     8889  successes so far - Monitor: 0.2412E+03
 Generating Event   360001 ...     9406  successes so far - Monitor: 0.2400E+03
 Generating Event   380001 ...     9919  successes so far - Monitor: 0.2393E+03
 Generating Event   400001 ...    10464  successes so far - Monitor: 0.2397E+03
 Generating Event   420001 ...    10999  successes so far - Monitor: 0.2383E+03
 Generating Event   440001 ...    11534  successes so far - Monitor: 0.2362E+03
 Generating Event   460001 ...    12053  successes so far - Monitor: 0.2383E+03
 Generating Event   480001 ...    12554  successes so far - Monitor: 0.2378E+03
 Generating Event   500001 ...    13053  successes so far - Monitor: 0.2379E+03
 Generating Event   520001 ...    13576  successes so far - Monitor: 0.2366E+03
 Generating Event   540001 ...    14091  successes so far - Monitor: 0.2376E+03
 Generating Event   560001 ...    14590  successes so far - Monitor: 0.2366E+03
 Generating Event   580001 ...    15151  successes so far - Monitor: 0.2363E+03
 Generating Event   600001 ...    15672  successes so far - Monitor: 0.2367E+03
 Generating Event   620001 ...    16209  successes so far - Monitor: 0.2376E+03
 Generating Event   640001 ...    16744  successes so far - Monitor: 0.2378E+03
 Generating Event   660001 ...    17279  successes so far - Monitor: 0.2396E+03
 Generating Event   680001 ...    17787  successes so far - Monitor: 0.2385E+03
 Generating Event   700001 ...    18306  successes so far - Monitor: 0.2396E+03
 Generating Event   720001 ...    18864  successes so far - Monitor: 0.2400E+03
 Generating Event   740001 ...    19398  successes so far - Monitor: 0.2398E+03
 Generating Event   760001 ...    19908  successes so far - Monitor: 0.2391E+03
 ---> Last Event    763269 ...    20000  successes
 Closing file:worksim/current.data                                        
 ... writing outfiles/current.gen                                                            
 Come back soon!
