 Enter the input filename (assumed to be in infiles directory)
 filename=infiles/current.data                                                 
 filename=infiles/extra_hydrogen_norad.data                                    
 E_bind =   2.2249399999998332      MeV in limits_init (QF only)
  ****--------  D(e,e'p)  --------****
    HRSL is detecting electrons
    HRSR is detecting hadrons
 Kees welcomes you to Hall A at Jefferson Lab - Enjoy your stay!
 NOTE: Will NOT be applying radiative corrections
 NOTE: Will NOT be calculating energy loss in the target
 NOTE: Will NOT be calculating Coulomb correction (default for Hydrogen target)
 NOTE: Will NOT correct reconstructed data for energy loss
  
 Generating Event        1 ...        0  successes so far - Monitor: 0.0000E+00
 Generating Event     1001 ...       27  successes so far - Monitor: 0.3112E+01
 Generating Event     2001 ...       55  successes so far - Monitor: 0.3364E+01
 Generating Event     3001 ...       77  successes so far - Monitor: 0.3243E+01
 Generating Event     4001 ...      107  successes so far - Monitor: 0.3643E+01
 Generating Event     5001 ...      121  successes so far - Monitor: 0.3192E+01
 Generating Event    20001 ...      428  successes so far - Monitor: 0.3156E+01
 Generating Event    40001 ...      873  successes so far - Monitor: 0.3326E+01
 Generating Event    60001 ...     1310  successes so far - Monitor: 0.3301E+01
 Generating Event    80001 ...     1732  successes so far - Monitor: 0.3222E+01
 Generating Event   100001 ...     2157  successes so far - Monitor: 0.3185E+01
 Generating Event   120001 ...     2596  successes so far - Monitor: 0.3189E+01
 Generating Event   140001 ...     3005  successes so far - Monitor: 0.3203E+01
 Generating Event   160001 ...     3401  successes so far - Monitor: 0.3179E+01
 Generating Event   180001 ...     3823  successes so far - Monitor: 0.3159E+01
 Generating Event   200001 ...     4282  successes so far - Monitor: 0.3185E+01
 Generating Event   220001 ...     4690  successes so far - Monitor: 0.3164E+01
 Generating Event   240001 ...     5110  successes so far - Monitor: 0.3171E+01
 Generating Event   260001 ...     5535  successes so far - Monitor: 0.3160E+01
 Generating Event   280001 ...     5991  successes so far - Monitor: 0.3176E+01
 Generating Event   300001 ...     6374  successes so far - Monitor: 0.3147E+01
 Generating Event   320001 ...     6808  successes so far - Monitor: 0.3150E+01
 Generating Event   340001 ...     7264  successes so far - Monitor: 0.3152E+01
 Generating Event   360001 ...     7704  successes so far - Monitor: 0.3152E+01
 Generating Event   380001 ...     8129  successes so far - Monitor: 0.3164E+01
 Generating Event   400001 ...     8588  successes so far - Monitor: 0.3170E+01
 Generating Event   420001 ...     9015  successes so far - Monitor: 0.3159E+01
 Generating Event   440001 ...     9461  successes so far - Monitor: 0.3160E+01
 Generating Event   460001 ...     9880  successes so far - Monitor: 0.3166E+01
 Generating Event   480001 ...    10294  successes so far - Monitor: 0.3161E+01
 Generating Event   500001 ...    10720  successes so far - Monitor: 0.3164E+01
 Generating Event   520001 ...    11144  successes so far - Monitor: 0.3160E+01
 Generating Event   540001 ...    11588  successes so far - Monitor: 0.3164E+01
 Generating Event   560001 ...    11993  successes so far - Monitor: 0.3158E+01
 Generating Event   580001 ...    12457  successes so far - Monitor: 0.3170E+01
 Generating Event   600001 ...    12894  successes so far - Monitor: 0.3173E+01
 Generating Event   620001 ...    13328  successes so far - Monitor: 0.3176E+01
 Generating Event   640001 ...    13766  successes so far - Monitor: 0.3182E+01
 Generating Event   660001 ...    14198  successes so far - Monitor: 0.3185E+01
 Generating Event   680001 ...    14618  successes so far - Monitor: 0.3178E+01
 Generating Event   700001 ...    15052  successes so far - Monitor: 0.3179E+01
 Generating Event   720001 ...    15527  successes so far - Monitor: 0.3186E+01
 Generating Event   740001 ...    15948  successes so far - Monitor: 0.3177E+01
 Generating Event   760001 ...    16380  successes so far - Monitor: 0.3173E+01
 Generating Event   780001 ...    16786  successes so far - Monitor: 0.3169E+01
 Generating Event   800001 ...    17228  successes so far - Monitor: 0.3165E+01
 Generating Event   820001 ...    17682  successes so far - Monitor: 0.3172E+01
 Generating Event   840001 ...    18085  successes so far - Monitor: 0.3167E+01
 Generating Event   860001 ...    18500  successes so far - Monitor: 0.3165E+01
 Generating Event   880001 ...    18921  successes so far - Monitor: 0.3167E+01
 Generating Event   900001 ...    19380  successes so far - Monitor: 0.3171E+01
 Generating Event   920001 ...    19814  successes so far - Monitor: 0.3169E+01
 ---> Last Event    929632 ...    20000  successes
 Closing file:worksim/current.data                                        
 ... writing outfiles/current.gen                                                            
 Come back soon!
