 Enter the input filename (assumed to be in infiles directory)
 filename=infiles/current.data                                                 
 filename=infiles/extra_hydrogen_rad.data                                      
 start loading the data grid...
 interpolate data from : .//deut_laget/pfsi/
 end of data grid load !
 E_bind =   2.2249399999998332      MeV in limits_init (QF only)
  ****--------  D(e,e'p)  --------****
    HRSL is detecting electrons
    HRSR is detecting hadrons
 Kees welcomes you to Hall A at Jefferson Lab - Enjoy your stay!
 NOTE: Will NOT be calculating Coulomb correction (default for Hydrogen target)
  
 Generating Event        1 ...        0  successes so far - Monitor: 0.0000E+00
 Generating Event     1001 ...       15  successes so far - Monitor: 0.9657E+01
 Generating Event     2001 ...       35  successes so far - Monitor: 0.1721E+02
 Generating Event     3001 ...       61  successes so far - Monitor: 0.1863E+02
 Generating Event     4001 ...       88  successes so far - Monitor: 0.2877E+02
 Generating Event     5001 ...      117  successes so far - Monitor: 0.2677E+02
 ---> Last Event     11838 ...      270  successes
 Closing file:worksim/current.data                                        
 ... writing outfiles/current.gen                                                            
 Come back soon!
