 Enter the input filename (assumed to be in infiles directory)
 filename=infiles/current.data                                                 
 filename=infiles/extra_hydrogen_norad.data                                    
 E_bind =   2.2249399999998332      MeV in limits_init (QF only)
  ****--------  D(e,e'p)  --------****
    HRSL is detecting electrons
    HRSR is detecting hadrons
 Kees welcomes you to Hall A at Jefferson Lab - Enjoy your stay!
 NOTE: Will NOT be applying radiative corrections
 NOTE: Will NOT be calculating energy loss in the target
 NOTE: Will NOT be calculating Coulomb correction (default for Hydrogen target)
 NOTE: Will NOT correct reconstructed data for energy loss
  
 Generating Event        1 ...        0  successes so far - Monitor: 0.0000E+00
 Generating Event     1001 ...       30  successes so far - Monitor: 0.7568E+03
 Generating Event     2001 ...       67  successes so far - Monitor: 0.1063E+04
 Generating Event     3001 ...       97  successes so far - Monitor: 0.8522E+03
 Generating Event     4001 ...      136  successes so far - Monitor: 0.1121E+04
 Generating Event     5001 ...      160  successes so far - Monitor: 0.1010E+04
 Generating Event    20001 ...      638  successes so far - Monitor: 0.1194E+04
 Generating Event    40001 ...     1268  successes so far - Monitor: 0.8731E+03
 Generating Event    60001 ...     1926  successes so far - Monitor: 0.9200E+03
 Generating Event    80001 ...     2569  successes so far - Monitor: 0.8752E+03
 Generating Event   100001 ...     3220  successes so far - Monitor: 0.9217E+03
 Generating Event   120001 ...     3863  successes so far - Monitor: 0.1006E+04
 Generating Event   140001 ...     4475  successes so far - Monitor: 0.1007E+04
 Generating Event   160001 ...     5091  successes so far - Monitor: 0.1013E+04
 Generating Event   180001 ...     5697  successes so far - Monitor: 0.9819E+03
 Generating Event   200001 ...     6385  successes so far - Monitor: 0.9896E+03
 Generating Event   220001 ...     6999  successes so far - Monitor: 0.9677E+03
 Generating Event   240001 ...     7633  successes so far - Monitor: 0.9615E+03
 Generating Event   260001 ...     8264  successes so far - Monitor: 0.9549E+03
 Generating Event   280001 ...     8935  successes so far - Monitor: 0.9652E+03
 Generating Event   300001 ...     9551  successes so far - Monitor: 0.9499E+03
 Generating Event   320001 ...    10189  successes so far - Monitor: 0.9479E+03
 Generating Event   340001 ...    10841  successes so far - Monitor: 0.9676E+03
 Generating Event   360001 ...    11478  successes so far - Monitor: 0.9677E+03
 Generating Event   380001 ...    12105  successes so far - Monitor: 0.9858E+03
 Generating Event   400001 ...    12746  successes so far - Monitor: 0.9868E+03
 Generating Event   420001 ...    13409  successes so far - Monitor: 0.9956E+03
 Generating Event   440001 ...    14062  successes so far - Monitor: 0.1000E+04
 Generating Event   460001 ...    14675  successes so far - Monitor: 0.9880E+03
 Generating Event   480001 ...    15302  successes so far - Monitor: 0.9835E+03
 Generating Event   500001 ...    15910  successes so far - Monitor: 0.9734E+03
 Generating Event   520001 ...    16519  successes so far - Monitor: 0.9628E+03
 Generating Event   540001 ...    17140  successes so far - Monitor: 0.9662E+03
 Generating Event   560001 ...    17749  successes so far - Monitor: 0.9699E+03
 Generating Event   580001 ...    18388  successes so far - Monitor: 0.9671E+03
 Generating Event   600001 ...    18993  successes so far - Monitor: 0.9709E+03
 Generating Event   620001 ...    19637  successes so far - Monitor: 0.9611E+03
 ---> Last Event    631071 ...    20000  successes
 Closing file:worksim/current.data                                        
 ... writing outfiles/current.gen                                                            
 Come back soon!
