 Enter the input filename (assumed to be in infiles directory)
 filename=infiles/current.data                                                 
 filename=infiles/extra_hydrogen_norad.data                                    
 E_bind =   2.2249399999998332      MeV in limits_init (QF only)
  ****--------  D(e,e'p)  --------****
    HRSL is detecting electrons
    HRSR is detecting hadrons
 Kees welcomes you to Hall A at Jefferson Lab - Enjoy your stay!
 NOTE: Will NOT be applying radiative corrections
 NOTE: Will NOT be calculating energy loss in the target
 NOTE: Will NOT be calculating Coulomb correction (default for Hydrogen target)
 NOTE: Will NOT correct reconstructed data for energy loss
  
 Generating Event        1 ...        0  successes so far - Monitor: 0.0000E+00
 Generating Event     1001 ...       26  successes so far - Monitor: 0.9575E+01
 Generating Event     2001 ...       61  successes so far - Monitor: 0.1269E+02
 Generating Event     3001 ...       87  successes so far - Monitor: 0.1063E+02
 Generating Event     4001 ...      121  successes so far - Monitor: 0.1202E+02
 Generating Event     5001 ...      141  successes so far - Monitor: 0.1060E+02
 Generating Event    20001 ...      580  successes so far - Monitor: 0.1106E+02
 Generating Event    40001 ...     1159  successes so far - Monitor: 0.1028E+02
 Generating Event    60001 ...     1733  successes so far - Monitor: 0.1034E+02
 Generating Event    80001 ...     2307  successes so far - Monitor: 0.1026E+02
 Generating Event   100001 ...     2889  successes so far - Monitor: 0.1061E+02
 Generating Event   120001 ...     3457  successes so far - Monitor: 0.1086E+02
 Generating Event   140001 ...     3992  successes so far - Monitor: 0.1069E+02
 Generating Event   160001 ...     4545  successes so far - Monitor: 0.1068E+02
 Generating Event   180001 ...     5092  successes so far - Monitor: 0.1058E+02
 Generating Event   200001 ...     5708  successes so far - Monitor: 0.1059E+02
 Generating Event   220001 ...     6253  successes so far - Monitor: 0.1055E+02
 Generating Event   240001 ...     6816  successes so far - Monitor: 0.1058E+02
 Generating Event   260001 ...     7376  successes so far - Monitor: 0.1059E+02
 Generating Event   280001 ...     7956  successes so far - Monitor: 0.1058E+02
 Generating Event   300001 ...     8502  successes so far - Monitor: 0.1056E+02
 Generating Event   320001 ...     9074  successes so far - Monitor: 0.1057E+02
 Generating Event   340001 ...     9657  successes so far - Monitor: 0.1063E+02
 Generating Event   360001 ...    10223  successes so far - Monitor: 0.1058E+02
 Generating Event   380001 ...    10784  successes so far - Monitor: 0.1058E+02
 Generating Event   400001 ...    11351  successes so far - Monitor: 0.1060E+02
 Generating Event   420001 ...    11956  successes so far - Monitor: 0.1063E+02
 Generating Event   440001 ...    12537  successes so far - Monitor: 0.1065E+02
 Generating Event   460001 ...    13083  successes so far - Monitor: 0.1064E+02
 Generating Event   480001 ...    13638  successes so far - Monitor: 0.1060E+02
 Generating Event   500001 ...    14169  successes so far - Monitor: 0.1054E+02
 Generating Event   520001 ...    14712  successes so far - Monitor: 0.1048E+02
 Generating Event   540001 ...    15261  successes so far - Monitor: 0.1050E+02
 Generating Event   560001 ...    15788  successes so far - Monitor: 0.1045E+02
 Generating Event   580001 ...    16353  successes so far - Monitor: 0.1044E+02
 Generating Event   600001 ...    16893  successes so far - Monitor: 0.1042E+02
 Generating Event   620001 ...    17474  successes so far - Monitor: 0.1042E+02
 Generating Event   640001 ...    18017  successes so far - Monitor: 0.1040E+02
 Generating Event   660001 ...    18599  successes so far - Monitor: 0.1037E+02
 Generating Event   680001 ...    19141  successes so far - Monitor: 0.1034E+02
 Generating Event   700001 ...    19740  successes so far - Monitor: 0.1032E+02
 ---> Last Event    708618 ...    20000  successes
 Closing file:worksim/current.data                                        
 ... writing outfiles/current.gen                                                            
 Come back soon!
